<?xml version="1.0" encoding="UTF-8"?>
<testng-results skipped="0" failed="0" total="1" passed="1">
  <reporter-output>
  </reporter-output>
  <suite name="Suite" duration-ms="9448" started-at="2016-09-17T05:12:44Z" finished-at="2016-09-17T05:12:54Z">
    <groups>
    </groups>
    <test name="Login" duration-ms="9448" started-at="2016-09-17T05:12:44Z" finished-at="2016-09-17T05:12:54Z">
      <class name="com.demo.test.testcases.login.LoginPage_001_LoginSuccessFunction_Test">
        <test-method status="PASS" signature="startTest(org.testng.ITestContext)[pri:0, instance:com.demo.test.testcases.login.LoginPage_001_LoginSuccessFunction_Test@2758fe70]" name="startTest" is-config="true" duration-ms="5274" started-at="2016-09-17T13:12:44Z" finished-at="2016-09-17T13:12:49Z">
          <params>
            <param index="0">
              <value>
                <![CDATA[org.testng.TestRunner@303cf2ba]]>
              </value>
            </param>
          </params>
          <reporter-output>
          </reporter-output>
        </test-method> <!-- startTest -->
        <test-method status="PASS" signature="loginSuccessFunction()[pri:0, instance:com.demo.test.testcases.login.LoginPage_001_LoginSuccessFunction_Test@2758fe70]" name="loginSuccessFunction" duration-ms="2766" started-at="2016-09-17T13:12:49Z" finished-at="2016-09-17T13:12:52Z">
          <reporter-output>
          </reporter-output>
        </test-method> <!-- loginSuccessFunction -->
        <test-method status="PASS" signature="endTest()[pri:0, instance:com.demo.test.testcases.login.LoginPage_001_LoginSuccessFunction_Test@2758fe70]" name="endTest" is-config="true" duration-ms="1389" started-at="2016-09-17T13:12:52Z" finished-at="2016-09-17T13:12:54Z">
          <reporter-output>
          </reporter-output>
        </test-method> <!-- endTest -->
      </class> <!-- com.demo.test.testcases.login.LoginPage_001_LoginSuccessFunction_Test -->
    </test> <!-- Login -->
  </suite> <!-- Suite -->
</testng-results>
